\BOOKMARK [0][-]{chapter*.3}{\376\377\000A\000b\000s\000t\000r\000a\000c\000t}{}% 1
\BOOKMARK [0][-]{chapter.1}{\376\377\000I\000n\000t\000r\000o\000d\000u\000c\000t\000i\000o\000n}{}% 2
\BOOKMARK [0][-]{chapter.2}{\376\377\000P\000r\000o\000b\000l\000e\000m\000\040\000S\000t\000a\000t\000e\000m\000e\000n\000t\000\040\000a\000n\000d\000\040\000O\000b\000j\000e\000c\000t\000i\000v\000e\000s}{}% 3
\BOOKMARK [0][-]{chapter.3}{\376\377\000S\000y\000s\000t\000e\000m\000\040\000S\000c\000o\000p\000e\000\040\000a\000n\000d\000\040\000U\000s\000e\000-\000C\000a\000s\000e\000\040\000C\000o\000v\000e\000r\000a\000g\000e}{}% 4
\BOOKMARK [0][-]{chapter.4}{\376\377\000T\000e\000c\000h\000n\000o\000l\000o\000g\000y\000\040\000S\000t\000a\000c\000k\000\040\000a\000n\000d\000\040\000E\000n\000g\000i\000n\000e\000e\000r\000i\000n\000g\000\040\000R\000a\000t\000i\000o\000n\000a\000l\000e}{}% 5
\BOOKMARK [0][-]{chapter.5}{\376\377\000B\000a\000c\000k\000e\000n\000d\000\040\000A\000r\000c\000h\000i\000t\000e\000c\000t\000u\000r\000e\000\040\000a\000n\000d\000\040\000S\000e\000r\000v\000i\000c\000e\000\040\000L\000a\000y\000o\000u\000t}{}% 6
\BOOKMARK [0][-]{chapter.6}{\376\377\000D\000a\000t\000a\000\040\000M\000o\000d\000e\000l\000i\000n\000g\000\040\000S\000t\000r\000a\000t\000e\000g\000y}{}% 7
\BOOKMARK [0][-]{chapter.7}{\376\377\000I\000n\000v\000e\000n\000t\000o\000r\000y\000\040\000I\000n\000t\000e\000l\000l\000i\000g\000e\000n\000c\000e\000\040\000E\000n\000g\000i\000n\000e}{}% 8
\BOOKMARK [0][-]{chapter.8}{\376\377\000A\000I\000\040\000D\000e\000m\000a\000n\000d\000\040\000F\000o\000r\000e\000c\000a\000s\000t\000i\000n\000g\000\040\000a\000n\000d\000\040\000P\000r\000e\000d\000i\000c\000t\000i\000v\000e\000\040\000R\000e\000o\000r\000d\000e\000r\000\040\000L\000o\000g\000i\000c}{}% 9
\BOOKMARK [0][-]{chapter.9}{\376\377\000C\000o\000u\000n\000t\000e\000r\000f\000e\000i\000t\000\040\000D\000e\000t\000e\000c\000t\000i\000o\000n\000\040\000a\000n\000d\000\040\000M\000e\000d\000i\000c\000i\000n\000e\000\040\000T\000r\000u\000s\000t\000\040\000L\000a\000y\000e\000r}{}% 10
\BOOKMARK [0][-]{chapter.10}{\376\377\000E\000x\000p\000i\000r\000y\000\040\000E\000x\000c\000h\000a\000n\000g\000e\000\040\000N\000e\000t\000w\000o\000r\000k\000\040\000a\000n\000d\000\040\000W\000a\000s\000t\000e\000\040\000R\000e\000d\000u\000c\000t\000i\000o\000n\000\040\000S\000t\000r\000a\000t\000e\000g\000y}{}% 11
\BOOKMARK [0][-]{chapter.11}{\376\377\000C\000o\000n\000v\000e\000r\000s\000a\000t\000i\000o\000n\000a\000l\000\040\000A\000s\000s\000i\000s\000t\000a\000n\000t\000\040\000a\000n\000d\000\040\000D\000e\000c\000i\000s\000i\000o\000n\000\040\000S\000u\000p\000p\000o\000r\000t\000\040\000E\000x\000p\000e\000r\000i\000e\000n\000c\000e}{}% 12
\BOOKMARK [0][-]{chapter.12}{\376\377\000E\000v\000e\000n\000t\000-\000D\000r\000i\000v\000e\000n\000\040\000P\000r\000o\000c\000e\000s\000s\000i\000n\000g\000\040\000a\000n\000d\000\040\000O\000p\000e\000r\000a\000t\000i\000o\000n\000a\000l\000\040\000R\000e\000a\000c\000t\000i\000v\000i\000t\000y}{}% 13
\BOOKMARK [0][-]{chapter.13}{\376\377\000F\000r\000o\000n\000t\000e\000n\000d\000\040\000M\000o\000d\000u\000l\000e\000s\000\040\000a\000n\000d\000\040\000U\000s\000e\000r\000\040\000I\000n\000t\000e\000r\000a\000c\000t\000i\000o\000n\000\040\000D\000e\000s\000i\000g\000n}{}% 14
\BOOKMARK [0][-]{chapter.14}{\376\377\000S\000e\000c\000u\000r\000i\000t\000y\000,\000\040\000A\000u\000d\000i\000t\000a\000b\000i\000l\000i\000t\000y\000,\000\040\000a\000n\000d\000\040\000G\000o\000v\000e\000r\000n\000a\000n\000c\000e\000\040\000C\000o\000n\000s\000i\000d\000e\000r\000a\000t\000i\000o\000n\000s}{}% 15
\BOOKMARK [0][-]{chapter.15}{\376\377\000D\000e\000p\000l\000o\000y\000m\000e\000n\000t\000\040\000M\000o\000d\000e\000l\000\040\000a\000n\000d\000\040\000O\000p\000e\000r\000a\000t\000i\000o\000n\000a\000l\000i\000z\000a\000t\000i\000o\000n}{}% 16
\BOOKMARK [0][-]{chapter.16}{\376\377\000V\000a\000l\000i\000d\000a\000t\000i\000o\000n\000\040\000N\000a\000r\000r\000a\000t\000i\000v\000e\000\040\000a\000n\000d\000\040\000D\000e\000m\000o\000n\000s\000t\000r\000a\000t\000i\000o\000n\000\040\000O\000u\000t\000c\000o\000m\000e\000s}{}% 17
\BOOKMARK [0][-]{chapter.17}{\376\377\000L\000i\000m\000i\000t\000a\000t\000i\000o\000n\000s\000\040\000a\000n\000d\000\040\000F\000u\000t\000u\000r\000e\000\040\000E\000n\000h\000a\000n\000c\000e\000m\000e\000n\000t\000s}{}% 18
\BOOKMARK [0][-]{chapter.18}{\376\377\000C\000o\000n\000c\000l\000u\000s\000i\000o\000n}{}% 19
\BOOKMARK [0][-]{appendix.A}{\376\377\000A\000x\000i\000o\000M\000L\000\040\000H\000a\000c\000k\000a\000t\000h\000o\000n\000\040\0002\0000\0002\0006\000\040\000B\000u\000i\000l\000d\000\040\000C\000o\000n\000t\000e\000x\000t\000\040\000a\000n\000d\000\040\000A\000c\000h\000i\000e\000v\000e\000m\000e\000n\000t}{}% 20
\BOOKMARK [1][-]{section*.8}{\376\377\000E\000v\000e\000n\000t\000\040\000O\000v\000e\000r\000v\000i\000e\000w}{appendix.A}% 21
\BOOKMARK [1][-]{section*.8}{\376\377\000A\000c\000h\000i\000e\000v\000e\000m\000e\000n\000t\000\040\000a\000n\000d\000\040\000R\000e\000c\000o\000g\000n\000i\000t\000i\000o\000n}{appendix.A}% 22
